<?xml version="1.0" encoding="UTF-8"?>
<!-- Generated by org.testng.reporters.JUnitReportReporter -->
<testsuite hostname="DESKTOP-93B8F71" failures="0" tests="3" name="testCases.MobilePageTest" time="0.005" errors="0" timestamp="2022-07-24T16:46:17 EDT" skipped="0">
  <testcase classname="testCases.MobilePageTest" name="verificationOfMemory" time="0.000"/>
  <system-out/>
  <testcase classname="testCases.MobilePageTest" name="verificationOfDisplay" time="0.004"/>
  <system-out/>
  <testcase classname="testCases.MobilePageTest" name="verificationOfVersion" time="0.001"/>
  <system-out/>
</testsuite> <!-- testCases.MobilePageTest -->
