<?xml version="1.0" encoding="UTF-8"?>
<!-- Generated by org.testng.reporters.JUnitReportReporter -->
<testsuite hostname="DESKTOP-93B8F71" failures="0" tests="3" name="testCases.LoginPageTest" time="0.001" errors="0" timestamp="2022-08-01T12:31:12 EDT" skipped="0">
  <testcase classname="testCases.LoginPageTest" name="loginWithInvalidUserName" time="0.000"/>
  <system-out/>
  <testcase classname="testCases.LoginPageTest" name="loginWithValidCreadintial" time="0.000"/>
  <system-out/>
  <testcase classname="testCases.LoginPageTest" name="loginWithInvalidPassword" time="0.001"/>
  <system-out/>
</testsuite> <!-- testCases.LoginPageTest -->
