<?xml version="1.0" encoding="UTF-8"?>
<!-- Generated by org.testng.reporters.JUnitReportReporter -->
<testsuite hostname="DESKTOP-93B8F71" failures="0" tests="3" name="testCases.MobilePageTest" time="0.032" errors="0" timestamp="2022-07-21T15:49:07 EDT" skipped="0">
  <testcase classname="testCases.MobilePageTest" name="verificationOfMemory" time="0.006"/>
  <system-out/>
  <testcase classname="testCases.MobilePageTest" name="verificationOfDisplay" time="0.023"/>
  <system-out/>
  <testcase classname="testCases.MobilePageTest" name="verificationOfVersion" time="0.003"/>
  <system-out/>
</testsuite> <!-- testCases.MobilePageTest -->
