<?xml version="1.0" encoding="UTF-8"?>
<!-- Generated by org.testng.reporters.JUnitReportReporter -->
<testsuite hostname="DESKTOP-93B8F71" failures="0" tests="2" name="testCases.LoginPageTest" time="0.011" errors="0" timestamp="2022-08-01T09:40:02 EDT" skipped="0">
  <testcase classname="testCases.LoginPageTest" name="loginWithValidCreadintial" time="0.001"/>
  <system-out/>
  <testcase classname="testCases.LoginPageTest" name="loginWithInvalidPassword" time="0.010"/>
  <system-out/>
</testsuite> <!-- testCases.LoginPageTest -->
