<?xml version="1.0" encoding="UTF-8"?>
<!-- Generated by org.testng.reporters.JUnitReportReporter -->
<testsuite hostname="DESKTOP-93B8F71" failures="0" tests="3" name="testCases.LoginPageTest" time="0.012" errors="0" timestamp="2022-07-21T15:49:07 EDT" skipped="0">
  <testcase classname="testCases.LoginPageTest" name="loginWithValidCreadintial" time="0.003"/>
  <system-out/>
  <testcase classname="testCases.LoginPageTest" name="loginWithInvalidUserName" time="0.004"/>
  <system-out/>
  <testcase classname="testCases.LoginPageTest" name="loginWithInvalidPassword" time="0.005"/>
  <system-out/>
</testsuite> <!-- testCases.LoginPageTest -->
